0 info it worked if it ends with ok
1 verbose cli [ 'node',
1 verbose cli   '/usr/local/bin/npm',
1 verbose cli   'install',
1 verbose cli   'bower',
1 verbose cli   'register',
1 verbose cli   'bsp-timeine',
1 verbose cli   'git://github.com/xhmsun1987/timeline.git' ]
2 info using npm@2.5.1
3 info using node@v0.10.30
4 warn package.json bsp.timeline@0.0.1 No description
5 warn package.json bsp.timeline@0.0.1 No README data
6 silly cache add args [ 'bower', null ]
7 verbose cache add spec bower
8 silly cache add args [ 'register', null ]
9 verbose cache add spec register
10 silly cache add args [ 'bsp-timeine', null ]
11 verbose cache add spec bsp-timeine
12 silly cache add args [ 'git://github.com/xhmsun1987/timeline.git', null ]
13 verbose cache add spec git://github.com/xhmsun1987/timeline.git
14 silly cache add parsed spec { raw: 'bower',
14 silly cache add   scope: null,
14 silly cache add   name: 'bower',
14 silly cache add   rawSpec: '',
14 silly cache add   spec: '*',
14 silly cache add   type: 'range' }
15 verbose addNamed bower@*
16 silly addNamed semver.valid null
17 silly addNamed semver.validRange *
18 silly addNameRange { name: 'bower', range: '*', hasData: false }
19 silly mapToRegistry name bower
20 silly mapToRegistry using default registry
21 silly mapToRegistry registry https://registry.npmjs.org/
22 silly mapToRegistry uri https://registry.npmjs.org/bower
23 verbose addNameRange registry:https://registry.npmjs.org/bower not in flight; fetching
24 silly cache add parsed spec { raw: 'register',
24 silly cache add   scope: null,
24 silly cache add   name: 'register',
24 silly cache add   rawSpec: '',
24 silly cache add   spec: '*',
24 silly cache add   type: 'range' }
25 verbose addNamed register@*
26 silly addNamed semver.valid null
27 silly addNamed semver.validRange *
28 silly addNameRange { name: 'register', range: '*', hasData: false }
29 silly mapToRegistry name register
30 silly mapToRegistry using default registry
31 silly mapToRegistry registry https://registry.npmjs.org/
32 silly mapToRegistry uri https://registry.npmjs.org/register
33 verbose addNameRange registry:https://registry.npmjs.org/register not in flight; fetching
34 silly cache add parsed spec { raw: 'bsp-timeine',
34 silly cache add   scope: null,
34 silly cache add   name: 'bsp-timeine',
34 silly cache add   rawSpec: '',
34 silly cache add   spec: '*',
34 silly cache add   type: 'range' }
35 verbose addNamed bsp-timeine@*
36 silly addNamed semver.valid null
37 silly addNamed semver.validRange *
38 silly addNameRange { name: 'bsp-timeine', range: '*', hasData: false }
39 silly mapToRegistry name bsp-timeine
40 silly mapToRegistry using default registry
41 silly mapToRegistry registry https://registry.npmjs.org/
42 silly mapToRegistry uri https://registry.npmjs.org/bsp-timeine
43 verbose addNameRange registry:https://registry.npmjs.org/bsp-timeine not in flight; fetching
44 silly cache add parsed spec { raw: 'git://github.com/xhmsun1987/timeline.git',
44 silly cache add   scope: null,
44 silly cache add   name: null,
44 silly cache add   rawSpec: 'git://github.com/xhmsun1987/timeline.git',
44 silly cache add   spec: 'git://github.com/xhmsun1987/timeline.git',
44 silly cache add   type: 'git' }
45 verbose addRemoteGit u="git://github.com/xhmsun1987/timeline.git" silent=false
46 silly addRemoteGit normalized { url: 'git://github.com/xhmsun1987/timeline.git',
46 silly addRemoteGit   branch: 'master' }
47 silly addRemoteGit v git-github-com-xhmsun1987-timeline-git-4dc60b75
48 verbose addRemoteGit /Users/hxiang/.npm/_git-remotes/git-github-com-xhmsun1987-timeline-git-4dc60b75 not in flight; cloning
49 verbose request uri https://registry.npmjs.org/bsp-timeine
50 verbose request no auth needed
51 info attempt registry request try #1 at 14:40:33
52 verbose request id cfc7e00a3b915a1b
53 http request GET https://registry.npmjs.org/bsp-timeine
54 verbose request uri https://registry.npmjs.org/register
55 verbose request no auth needed
56 info attempt registry request try #1 at 14:40:33
57 verbose etag "7T2IHH33E27WWTKQM35JMBMWT"
58 http request GET https://registry.npmjs.org/register
59 verbose request uri https://registry.npmjs.org/bower
60 verbose request no auth needed
61 info attempt registry request try #1 at 14:40:33
62 verbose etag "DZFJE0XFKS57MHQSFTG1KCAD8"
63 http request GET https://registry.npmjs.org/bower
64 info git [ 'config', '--get', 'remote.origin.url' ]
65 verbose git remote.origin.url git://github.com/xhmsun1987/timeline.git
66 info git [ 'fetch', '-a', 'origin' ]
67 http 304 https://registry.npmjs.org/register
68 silly get cb [ 304,
68 silly get   { date: 'Wed, 09 Mar 2016 22:40:33 GMT',
68 silly get     via: '1.1 varnish',
68 silly get     'cache-control': 'max-age=300',
68 silly get     etag: '"7T2IHH33E27WWTKQM35JMBMWT"',
68 silly get     age: '74',
68 silly get     connection: 'keep-alive',
68 silly get     'x-served-by': 'cache-lax1425-LAX',
68 silly get     'x-cache': 'HIT',
68 silly get     'x-cache-hits': '1',
68 silly get     'x-timer': 'S1457563233.874870,VS0,VE0',
68 silly get     vary: 'Accept' } ]
69 verbose etag https://registry.npmjs.org/register from cache
70 verbose get saving register to /Users/hxiang/.npm/registry.npmjs.org/register/.cache.json
71 http 304 https://registry.npmjs.org/bower
72 silly get cb [ 304,
72 silly get   { date: 'Wed, 09 Mar 2016 22:40:33 GMT',
72 silly get     via: '1.1 varnish',
72 silly get     'cache-control': 'max-age=300',
72 silly get     etag: '"DZFJE0XFKS57MHQSFTG1KCAD8"',
72 silly get     age: '115',
72 silly get     connection: 'keep-alive',
72 silly get     'x-served-by': 'cache-lax1426-LAX',
72 silly get     'x-cache': 'HIT',
72 silly get     'x-cache-hits': '3',
72 silly get     'x-timer': 'S1457563233.879244,VS0,VE0',
72 silly get     vary: 'Accept' } ]
73 verbose etag https://registry.npmjs.org/bower from cache
74 verbose get saving bower to /Users/hxiang/.npm/registry.npmjs.org/bower/.cache.json
75 silly addNameRange number 2 { name: 'register', range: '*', hasData: true }
76 silly addNameRange versions [ 'register', [ '0.0.0' ] ]
77 verbose addNamed register@0.0.0
78 silly addNamed semver.valid 0.0.0
79 silly addNamed semver.validRange 0.0.0
80 silly addNameRange number 2 { name: 'bower', range: '*', hasData: true }
81 silly addNameRange versions [ 'bower',
81 silly addNameRange   [ '0.1.0',
81 silly addNameRange     '0.1.2',
81 silly addNameRange     '0.1.3',
81 silly addNameRange     '0.2.0',
81 silly addNameRange     '0.3.0',
81 silly addNameRange     '0.3.1',
81 silly addNameRange     '0.3.2',
81 silly addNameRange     '0.4.0',
81 silly addNameRange     '0.5.0',
81 silly addNameRange     '0.5.1',
81 silly addNameRange     '0.6.0',
81 silly addNameRange     '0.6.1',
81 silly addNameRange     '0.6.2',
81 silly addNameRange     '0.6.3',
81 silly addNameRange     '0.6.4',
81 silly addNameRange     '0.6.5',
81 silly addNameRange     '0.6.6',
81 silly addNameRange     '0.6.7',
81 silly addNameRange     '0.6.8',
81 silly addNameRange     '0.7.0',
81 silly addNameRange     '0.7.1',
81 silly addNameRange     '0.8.0',
81 silly addNameRange     '0.8.1',
81 silly addNameRange     '0.8.2',
81 silly addNameRange     '0.8.3',
81 silly addNameRange     '0.8.4',
81 silly addNameRange     '0.8.5',
81 silly addNameRange     '0.8.6',
81 silly addNameRange     '0.9.0',
81 silly addNameRange     '0.9.1',
81 silly addNameRange     '0.9.2',
81 silly addNameRange     '0.10.0',
81 silly addNameRange     '1.0.0',
81 silly addNameRange     '1.0.1',
81 silly addNameRange     '1.0.2',
81 silly addNameRange     '1.0.3',
81 silly addNameRange     '1.1.0',
81 silly addNameRange     '1.1.1',
81 silly addNameRange     '1.1.2',
81 silly addNameRange     '1.2.0',
81 silly addNameRange     '1.2.1',
81 silly addNameRange     '1.2.2',
81 silly addNameRange     '1.2.3',
81 silly addNameRange     '1.2.4',
81 silly addNameRange     '1.2.5',
81 silly addNameRange     '1.2.6',
81 silly addNameRange     '1.2.7',
81 silly addNameRange     '1.2.8',
81 silly addNameRange     '1.3.0',
81 silly addNameRange     '1.3.1',
81 silly addNameRange     '1.3.2',
81 silly addNameRange     '1.3.3',
81 silly addNameRange     '1.3.4',
81 silly addNameRange     '1.3.5',
81 silly addNameRange     '1.3.6',
81 silly addNameRange     '1.3.7',
81 silly addNameRange     '1.3.8',
81 silly addNameRange     '1.3.9',
81 silly addNameRange     '1.3.10',
81 silly addNameRange     '1.3.11',
81 silly addNameRange     '1.3.12',
81 silly addNameRange     '1.4.0',
81 silly addNameRange     '1.4.1',
81 silly addNameRange     '1.5.0',
81 silly addNameRange     '1.5.1',
81 silly addNameRange     '1.5.2',
81 silly addNameRange     '1.5.3',
81 silly addNameRange     '1.6.2',
81 silly addNameRange     '1.6.3',
81 silly addNameRange     '1.6.4',
81 silly addNameRange     '1.6.5',
81 silly addNameRange     '1.5.4',
81 silly addNameRange     '1.4.2',
81 silly addNameRange     '1.6.6',
81 silly addNameRange     '1.6.7',
81 silly addNameRange     '1.6.8',
81 silly addNameRange     '1.6.9',
81 silly addNameRange     '1.7.0',
81 silly addNameRange     '1.7.1',
81 silly addNameRange     '1.7.2',
81 silly addNameRange     '1.7.5',
81 silly addNameRange     '1.7.6',
81 silly addNameRange     '1.7.7' ] ]
82 verbose addNamed bower@1.7.7
83 silly addNamed semver.valid 1.7.7
84 silly addNamed semver.validRange 1.7.7
85 silly cache afterAdd bower@1.7.7
86 verbose afterAdd /Users/hxiang/.npm/bower/1.7.7/package/package.json not in flight; writing
87 silly cache afterAdd register@0.0.0
88 verbose afterAdd /Users/hxiang/.npm/register/0.0.0/package/package.json not in flight; writing
89 verbose afterAdd /Users/hxiang/.npm/bower/1.7.7/package/package.json written
90 verbose afterAdd /Users/hxiang/.npm/register/0.0.0/package/package.json written
91 http 404 https://registry.npmjs.org/bsp-timeine
92 verbose headers { 'content-type': 'application/json',
92 verbose headers   'cache-control': 'max-age=0',
92 verbose headers   'content-length': '2',
92 verbose headers   'accept-ranges': 'bytes',
92 verbose headers   date: 'Wed, 09 Mar 2016 22:40:33 GMT',
92 verbose headers   via: '1.1 varnish',
92 verbose headers   age: '0',
92 verbose headers   connection: 'keep-alive',
92 verbose headers   'x-served-by': 'cache-lax1429-LAX',
92 verbose headers   'x-cache': 'MISS',
92 verbose headers   'x-cache-hits': '0',
92 verbose headers   'x-timer': 'S1457563233.874278,VS0,VE86' }
93 silly get cb [ 404,
93 silly get   { 'content-type': 'application/json',
93 silly get     'cache-control': 'max-age=0',
93 silly get     'content-length': '2',
93 silly get     'accept-ranges': 'bytes',
93 silly get     date: 'Wed, 09 Mar 2016 22:40:33 GMT',
93 silly get     via: '1.1 varnish',
93 silly get     age: '0',
93 silly get     connection: 'keep-alive',
93 silly get     'x-served-by': 'cache-lax1429-LAX',
93 silly get     'x-cache': 'MISS',
93 silly get     'x-cache-hits': '0',
93 silly get     'x-timer': 'S1457563233.874278,VS0,VE86' } ]
94 verbose git fetch -a origin (git://github.com/xhmsun1987/timeline.git)
95 info git [ 'rev-list', '-n1', 'master' ]
96 error Failed resolving git HEAD (git://github.com/xhmsun1987/timeline.git) fatal: ambiguous argument 'master': unknown revision or path not in the working tree.
96 error Failed resolving git HEAD (git://github.com/xhmsun1987/timeline.git) Use '--' to separate paths from revisions, like this:
96 error Failed resolving git HEAD (git://github.com/xhmsun1987/timeline.git) 'git <command> [<revision>...] -- [<file>...]'
97 verbose stack Error: Registry returned 404 for GET on https://registry.npmjs.org/bsp-timeine
97 verbose stack     at CachingRegistryClient.<anonymous> (/usr/local/lib/node_modules/npm/node_modules/npm-registry-client/lib/request.js:244:14)
97 verbose stack     at Request._callback (/usr/local/lib/node_modules/npm/node_modules/npm-registry-client/lib/request.js:178:14)
97 verbose stack     at Request.self.callback (/usr/local/lib/node_modules/npm/node_modules/request/request.js:344:22)
97 verbose stack     at Request.emit (events.js:98:17)
97 verbose stack     at Request.<anonymous> (/usr/local/lib/node_modules/npm/node_modules/request/request.js:1239:14)
97 verbose stack     at Request.emit (events.js:117:20)
97 verbose stack     at IncomingMessage.<anonymous> (/usr/local/lib/node_modules/npm/node_modules/request/request.js:1187:12)
97 verbose stack     at IncomingMessage.emit (events.js:117:20)
97 verbose stack     at _stream_readable.js:938:16
97 verbose stack     at process._tickCallback (node.js:419:13)
98 verbose statusCode 404
99 verbose pkgid bsp-timeine
100 verbose cwd /Users/hxiang/Documents/workspace/git/timeline
101 error Darwin 14.0.0
102 error argv "node" "/usr/local/bin/npm" "install" "bower" "register" "bsp-timeine" "git://github.com/xhmsun1987/timeline.git"
103 error node v0.10.30
104 error npm  v2.5.1
105 error code E404
106 error 404 Registry returned 404 for GET on https://registry.npmjs.org/bsp-timeine
106 error 404
106 error 404 'bsp-timeine' is not in the npm registry.
106 error 404 You should bug the author to publish it (or use the name yourself!)
106 error 404 It was specified as a dependency of 'bsp.timeline'
106 error 404
106 error 404 Note that you can also install from a
106 error 404 tarball, folder, http url, or git url.
107 verbose exit [ 1, true ]
